<?xml version="1.0" encoding="UTF-8"?>
<!-- Generated by org.testng.reporters.JUnitReportReporter -->
<testsuite hostname="ankit" failures="0" tests="2" name="test.BasicDemo2" time="0.004" errors="0" timestamp="2023-03-29T01:57:50 IST" skipped="0">
  <testcase classname="test.BasicDemo2" name="run" time="0.002"/>
  <system-out/>
  <testcase classname="test.BasicDemo2" name="run1" time="0.002"/>
  <system-out/>
</testsuite> <!-- test.BasicDemo2 -->
