<?xml version="1.0" encoding="UTF-8"?>
<!-- Generated by org.testng.reporters.JUnitReportReporter -->
<testsuite hostname="ankit" failures="0" tests="8" name="test.BasicDemo3" time="0.021" errors="0" timestamp="2023-03-29T01:57:50 IST" skipped="1">
  <testcase classname="test.BasicDemo3" name="phoneLogout" time="0.002"/>
  <system-out/>
  <testcase classname="test.BasicDemo3" name="apiLogin" time="0.009"/>
  <system-out/>
  <testcase classname="test.BasicDemo3" name="phoneSignin" time="0.002"/>
  <system-out/>
  <testcase classname="test.BasicDemo3" name="phoneSignin" time="0.002"/>
  <system-out/>
  <testcase classname="test.BasicDemo3" name="phoneLogin" time="0.002"/>
  <system-out/>
  <testcase classname="test.BasicDemo3" name="phoneRegin" time="0.003"/>
  <system-out/>
  <testcase classname="test.BasicDemo3" name="phoneSignin" time="0.001"/>
  <system-out/>
  <testcase classname="test.BasicDemo3" name="webLogin">
    <skipped/>
  </testcase> <!-- webLogin -->
  <system-out/>
</testsuite> <!-- test.BasicDemo3 -->
